              Procedure           Image            Address        Calls Instructions
                  cfree       libc.so.6       7f6dbee0f4f0            1           26
          __libc_malloc       libc.so.6       7f6dbee0f130            1           48
                    exp       libm.so.6       7f6dbf5ab5c0         1421        21315
                   @plt       libm.so.6       7f6dbf58f5d0         1421         1421
                  _Znam  libstdc++.so.6       7f6dbf926280            1            1
                  _Znwm  libstdc++.so.6       7f6dbf9261d0            1           11
                 _ZdaPv  libstdc++.so.6       7f6dbf924350            1            1
                 _ZdlPv  libstdc++.so.6       7f6dbf924320            1            1
               free@plt  libstdc++.so.6       7f6dbf91d3b0            1            1
             _ZdlPv@plt  libstdc++.so.6       7f6dbf91ccc0            1            1
             malloc@plt  libstdc++.so.6       7f6dbf91caf0            1            1
              _Znwm@plt  libstdc++.so.6       7f6dbf91c690            1            1
_ZN6TestGD11testEncNLGDEPPdS1_lllbllddb       IDASH2017             412ce0            0           10
_ZN2GD17trueNLGDiterationEPPdS0_S0_lldd       IDASH2017             4104a0            1       361201
      _Z12startProfilei       IDASH2017             40e6a0            1            5
                exp@plt       IDASH2017             4045e0         1421         1423
             _ZdaPv@plt       IDASH2017             4045b0            1            3
             memset@plt       IDASH2017             404200            1            3
              _Znam@plt       IDASH2017             403fb0            1            1
                   .plt       IDASH2017             403fa0            3            6
